Timestamp | Script | Type | Message
2026-03-07 11:11:40 | Script: InitializeMikrotikRouterOSManagementDatabase.ps1 | INFO: Database initialization complete for 'C:\Scripts\Applications\Mikrrotik\MikrotikRouterOSManagement\Data\MikrotikDevices.db'.
2026-03-07 11:11:40 | Script: InitializeMikrotikRouterOSManagementDatabase.ps1 | INFO: Initialized contact collections and relationships.
2026-03-07 11:11:40 | Script: InitializeMikrotikRouterOSManagementDatabase.ps1 | INFO: Initialized mikrotik_devices collection and indexes.
2026-03-07 11:11:40 | Script: InitializeMikrotikRouterOSManagementDatabase.ps1 | WARNING: Database exists at 'C:\Scripts\Applications\Mikrrotik\MikrotikRouterOSManagement\Data\MikrotikDevices.db'. Running initialize/repair mode (no recreate).
2026-03-07 11:11:10 | Script: InitializeMikrotikRouterOSManagementDatabase.ps1 | INFO: Database initialization complete for 'C:\Scripts\Applications\Mikrrotik\MikrotikRouterOSManagement\Data\MikrotikDevices.db'.
2026-03-07 11:11:10 | Script: InitializeMikrotikRouterOSManagementDatabase.ps1 | INFO: Initialized contact collections and relationships.
2026-03-07 11:11:10 | Script: InitializeMikrotikRouterOSManagementDatabase.ps1 | INFO: Initialized mikrotik_devices collection and indexes.
2026-03-07 11:11:10 | Script: InitializeMikrotikRouterOSManagementDatabase.ps1 | INFO: Removed existing database at 'C:\Scripts\Applications\Mikrrotik\MikrotikRouterOSManagement\Data\MikrotikDevices.db'.
2026-03-07 11:11:10 | Script: InitializeMikrotikRouterOSManagementDatabase.ps1 | INFO: Backed up existing database to 'C:\Scripts\Applications\Mikrrotik\MikrotikRouterOSManagement\Data\Backups\MikrotikDevices-20260307-111110.db'.
2026-03-07 11:11:01 | Script: InitializeMikrotikRouterOSManagementDatabase.ps1 | INFO: Database initialization complete for 'C:\Scripts\Applications\Mikrrotik\MikrotikRouterOSManagement\Data\MikrotikDevices.db'.
2026-03-07 11:11:01 | Script: InitializeMikrotikRouterOSManagementDatabase.ps1 | INFO: Initialized contact collections and relationships.
2026-03-07 11:11:01 | Script: InitializeMikrotikRouterOSManagementDatabase.ps1 | INFO: Initialized mikrotik_devices collection and indexes.
2026-03-07 11:11:01 | Script: InitializeMikrotikRouterOSManagementDatabase.ps1 | WARNING: Database exists at 'C:\Scripts\Applications\Mikrrotik\MikrotikRouterOSManagement\Data\MikrotikDevices.db'. Running initialize/repair mode (no recreate).
2026-03-07 11:10:05 | Script: InitializeMikrotikRouterOSManagementDatabase.ps1 | ERROR: Database initialization failed: Database already exists at 'C:\Scripts\Applications\Mikrrotik\MikrotikRouterOSManagement\Data\MikrotikDevices.db'. Use -Force to recreate from scratch.
2026-03-07 11:00:33 | Script: InitializeMikrotikRouterOSManagementDatabase.ps1 | INFO: Database initialization complete for 'C:\Scripts\Applications\Mikrrotik\MikrotikRouterOSManagement\Data\MikrotikDevices.db'.
2026-03-07 11:00:33 | Script: InitializeMikrotikRouterOSManagementDatabase.ps1 | INFO: Initialized contact collections and relationships.
2026-03-07 11:00:33 | Script: InitializeMikrotikRouterOSManagementDatabase.ps1 | INFO: Initialized mikrotik_devices collection and indexes.
2026-03-07 11:00:33 | Script: InitializeMikrotikRouterOSManagementDatabase.ps1 | INFO: Removed existing database at 'C:\Scripts\Applications\Mikrrotik\MikrotikRouterOSManagement\Data\MikrotikDevices.db'.
2026-03-07 11:00:33 | Script: InitializeMikrotikRouterOSManagementDatabase.ps1 | INFO: Backed up existing database to 'C:\Scripts\Applications\Mikrrotik\MikrotikRouterOSManagement\Data\Backups\MikrotikDevices-20260307-110033.db'.


















